0:0:0:0:0:0:0:1 -  -  [06/三月/2018:09:36:09 +0800] "GET /wz/admin/index HTTP/1.1" 404 593 
0:0:0:0:0:0:0:1 -  -  [06/三月/2018:09:36:09 +0800] "GET /wz/admin/res/bootstrap/css/bootstrap.min.css HTTP/1.1" 404 593 
0:0:0:0:0:0:0:1 -  -  [06/三月/2018:09:36:09 +0800] "GET /wz/admin/res/common/js/jquery/jquery-1.7.1.js HTTP/1.1" 404 593 
0:0:0:0:0:0:0:1 -  -  [06/三月/2018:09:36:09 +0800] "GET /wz/admin/res/bootstrap/js/bootstrap.min.js HTTP/1.1" 404 593 
0:0:0:0:0:0:0:1 -  -  [06/三月/2018:09:36:10 +0800] "GET /favicon.ico HTTP/1.1" 200 367958 
0:0:0:0:0:0:0:1 -  -  [06/三月/2018:09:36:15 +0800] "GET /wz HTTP/1.1" 404 593 
0:0:0:0:0:0:0:1 -  -  [06/三月/2018:09:36:15 +0800] "GET /res/common/js/jquery/jquery-1.7.1.js HTTP/1.1" 404 593 
0:0:0:0:0:0:0:1 -  -  [06/三月/2018:09:36:15 +0800] "GET /res/bootstrap/js/bootstrap.min.js HTTP/1.1" 404 593 
0:0:0:0:0:0:0:1 -  -  [06/三月/2018:09:36:15 +0800] "GET /res/bootstrap/css/bootstrap.min.css HTTP/1.1" 404 593 
0:0:0:0:0:0:0:1 -  -  [06/三月/2018:09:36:16 +0800] "GET /res/bootstrap/js/bootstrap.min.js HTTP/1.1" 404 593 
0:0:0:0:0:0:0:1 -  -  [06/三月/2018:09:36:39 +0800] "GET /admin/ HTTP/1.1" 404 593 
0:0:0:0:0:0:0:1 -  -  [06/三月/2018:09:36:39 +0800] "GET /admin/res/bootstrap/js/bootstrap.min.js HTTP/1.1" 302 0 
0:0:0:0:0:0:0:1 -  -  [06/三月/2018:09:36:39 +0800] "GET /admin/res/bootstrap/css/bootstrap.min.css HTTP/1.1" 302 0 
0:0:0:0:0:0:0:1 -  -  [06/三月/2018:09:36:39 +0800] "GET /admin/res/common/js/jquery/jquery-1.7.1.js HTTP/1.1" 302 0 
0:0:0:0:0:0:0:1 -  -  [06/三月/2018:09:36:39 +0800] "GET /admin/login HTTP/1.1" 200 2075 
0:0:0:0:0:0:0:1 -  -  [06/三月/2018:09:36:39 +0800] "GET /admin/login HTTP/1.1" 200 2075 
0:0:0:0:0:0:0:1 -  -  [06/三月/2018:09:36:39 +0800] "GET /admin/login HTTP/1.1" 200 2075 
0:0:0:0:0:0:0:1 -  -  [06/三月/2018:09:36:46 +0800] "GET / HTTP/1.1" 302 0 
0:0:0:0:0:0:0:1 -  -  [06/三月/2018:09:36:46 +0800] "GET /admin/index HTTP/1.1" 302 0 
0:0:0:0:0:0:0:1 -  -  [06/三月/2018:09:36:46 +0800] "GET /admin/login HTTP/1.1" 200 2075 
0:0:0:0:0:0:0:1 -  -  [06/三月/2018:09:36:46 +0800] "GET /res/hplus/js/bootstrap.min.js?v=3.3.5 HTTP/1.1" 200 36816 
0:0:0:0:0:0:0:1 -  -  [06/三月/2018:09:36:46 +0800] "GET /res/hplus/css/font-awesome.min.css?v=4.4.0 HTTP/1.1" 200 26687 
0:0:0:0:0:0:0:1 -  -  [06/三月/2018:09:36:46 +0800] "GET /res/hplus/js/jquery.min.js?v=2.1.4 HTTP/1.1" 200 84345 
0:0:0:0:0:0:0:1 -  -  [06/三月/2018:09:36:46 +0800] "GET /res/hplus/css/animate.min.css HTTP/1.1" 200 47160 
0:0:0:0:0:0:0:1 -  -  [06/三月/2018:09:36:46 +0800] "GET /res/hplus/css/bootstrap.min.css?v=3.3.5 HTTP/1.1" 200 122540 
0:0:0:0:0:0:0:1 -  -  [06/三月/2018:09:36:46 +0800] "GET /res/hplus/css/style.min.css?v=4.0.0 HTTP/1.1" 200 99565 
0:0:0:0:0:0:0:1 -  -  [06/三月/2018:09:36:47 +0800] "GET /admin/favicon.ico HTTP/1.1" 302 0 
0:0:0:0:0:0:0:1 -  -  [06/三月/2018:09:36:47 +0800] "GET /admin/login HTTP/1.1" 200 2075 
0:0:0:0:0:0:0:1 -  -  [06/三月/2018:09:36:52 +0800] "POST /j_spring_security_check HTTP/1.1" 302 0 
0:0:0:0:0:0:0:1 -  -  [06/三月/2018:09:36:56 +0800] "POST /j_spring_security_check HTTP/1.1" 302 0 
0:0:0:0:0:0:0:1 -  -  [06/三月/2018:09:36:54 +0800] "GET /admin/index HTTP/1.1" 200 25080 
0:0:0:0:0:0:0:1 -  -  [06/三月/2018:09:36:57 +0800] "GET /admin/index HTTP/1.1" 200 44632 
0:0:0:0:0:0:0:1 -  -  [06/三月/2018:09:37:01 +0800] "GET /res/hplus/css/plugins/steps/jquery.steps.css HTTP/1.1" 200 5649 
0:0:0:0:0:0:0:1 -  -  [06/三月/2018:09:37:01 +0800] "GET /res/css/my-hplus.css?v=1 HTTP/1.1" 200 416 
0:0:0:0:0:0:0:1 -  -  [06/三月/2018:09:37:01 +0800] "GET /res/hplus/css/plugins/jsTree/style.min.css HTTP/1.1" 200 25605 
0:0:0:0:0:0:0:1 -  -  [06/三月/2018:09:37:01 +0800] "GET /res/hplus/css/plugins/dataTables/dataTables.bootstrap.css HTTP/1.1" 200 4721 
0:0:0:0:0:0:0:1 -  -  [06/三月/2018:09:37:01 +0800] "GET /res/hplus/js/plugins/fancybox/jquery.fancybox.css HTTP/1.1" 200 4895 
0:0:0:0:0:0:0:1 -  -  [06/三月/2018:09:37:01 +0800] "GET /res/hplus/css/plugins/bootstrap-table/bootstrap-table.min.css HTTP/1.1" 200 4492 
0:0:0:0:0:0:0:1 -  -  [06/三月/2018:09:37:01 +0800] "GET /res/hplus/js/plugins/slimscroll/jquery.slimscroll.min.js HTTP/1.1" 200 4674 
0:0:0:0:0:0:0:1 -  -  [06/三月/2018:09:37:01 +0800] "GET /res/hplus/js/plugins/metisMenu/jquery.metisMenu.js HTTP/1.1" 200 3984 
0:0:0:0:0:0:0:1 -  -  [06/三月/2018:09:37:01 +0800] "GET /res/hplus/js/hplus.min.js?v=4.0.0 HTTP/1.1" 200 4710 
0:0:0:0:0:0:0:1 -  -  [06/三月/2018:09:37:01 +0800] "GET /res/hplus/js/contabs.min.js HTTP/1.1" 200 5605 
0:0:0:0:0:0:0:1 -  -  [06/三月/2018:09:37:01 +0800] "GET /res/hplus/js/plugins/pace/pace.min.js HTTP/1.1" 200 12314 
0:0:0:0:0:0:0:1 -  -  [06/三月/2018:09:37:01 +0800] "GET /res/hplus/js/plugins/jeditable/jquery.jeditable.js HTTP/1.1" 200 23546 
0:0:0:0:0:0:0:1 -  -  [06/三月/2018:09:37:01 +0800] "GET /res/hplus/js/plugins/layer/layer.min.js HTTP/1.1" 200 14893 
0:0:0:0:0:0:0:1 -  -  [06/三月/2018:09:37:01 +0800] "GET /res/hplus/js/plugins/dataTables/dataTables.bootstrap.js HTTP/1.1" 200 9369 
0:0:0:0:0:0:0:1 -  -  [06/三月/2018:09:37:01 +0800] "GET /res/hplus/js/plugins/jsTree/jstree.min.js HTTP/1.1" 200 150578 
0:0:0:0:0:0:0:1 -  -  [06/三月/2018:09:37:01 +0800] "GET /res/hplus/js/plugins/dataTables/jquery.dataTables.js HTTP/1.1" 200 409555 
0:0:0:0:0:0:0:1 -  -  [06/三月/2018:09:37:01 +0800] "GET /res/hplus/js/plugins/staps/jquery.steps.min.js HTTP/1.1" 200 13640 
0:0:0:0:0:0:0:1 -  -  [06/三月/2018:09:37:01 +0800] "GET /res/hplus/js/plugins/validate/jquery.validate.min.js HTTP/1.1" 200 21525 
0:0:0:0:0:0:0:1 -  -  [06/三月/2018:09:37:01 +0800] "GET /res/hplus/js/plugins/validate/messages_zh.min.js HTTP/1.1" 200 1407 
0:0:0:0:0:0:0:1 -  -  [06/三月/2018:09:37:01 +0800] "GET /res/hplus/js/plugins/bootstrap-table/bootstrap-table.min.js HTTP/1.1" 200 50365 
0:0:0:0:0:0:0:1 -  -  [06/三月/2018:09:37:01 +0800] "GET /res/hplus/js/plugins/bootstrap-table/bootstrap-table-mobile.min.js HTTP/1.1" 200 1854 
0:0:0:0:0:0:0:1 -  -  [06/三月/2018:09:37:01 +0800] "GET /res/hplus/js/plugins/bootstrap-table/locale/bootstrap-table-zh-CN.min.js HTTP/1.1" 200 852 
0:0:0:0:0:0:0:1 -  -  [06/三月/2018:09:37:01 +0800] "GET /res/hplus/js/plugins/layer/skin/layer.css HTTP/1.1" 200 11302 
0:0:0:0:0:0:0:1 -  -  [06/三月/2018:09:37:01 +0800] "GET /res/hplus/js/demo/bootstrap-table-demo.min.js HTTP/1.1" 200 3251 
0:0:0:0:0:0:0:1 -  -  [06/三月/2018:09:37:01 +0800] "GET /res/hplus/js/plugins/layer/laydate/laydate.js HTTP/1.1" 200 13877 
0:0:0:0:0:0:0:1 -  -  [06/三月/2018:09:37:01 +0800] "GET /res/hplus/js/content.min.js?v=1.0.0 HTTP/1.1" 200 1162 
0:0:0:0:0:0:0:1 -  -  [06/三月/2018:09:37:01 +0800] "GET /res/js/jquery.form.js HTTP/1.1" 200 39236 
0:0:0:0:0:0:0:1 -  -  [06/三月/2018:09:37:01 +0800] "GET /res/hplus/js/plugins/fancybox/jquery.fancybox.js HTTP/1.1" 200 48706 
0:0:0:0:0:0:0:1 -  -  [06/三月/2018:09:37:01 +0800] "GET /res/js/my-hplus.js HTTP/1.1" 200 11785 
0:0:0:0:0:0:0:1 -  -  [06/三月/2018:09:37:01 +0800] "GET /res/ueditor/ueditor.config.js HTTP/1.1" 200 20032 
0:0:0:0:0:0:0:1 -  -  [06/三月/2018:09:37:01 +0800] "GET /res/hplus/js/plugins/footable/footable.all.min.js HTTP/1.1" 200 37082 
0:0:0:0:0:0:0:1 -  -  [06/三月/2018:09:37:01 +0800] "GET /res/ueditor/ueditor.all.min.js HTTP/1.1" 200 364339 
0:0:0:0:0:0:0:1 -  -  [06/三月/2018:09:37:01 +0800] "GET /res/ueditor/lang/zh-cn/zh-cn.js HTTP/1.1" 200 28622 
0:0:0:0:0:0:0:1 -  -  [06/三月/2018:09:37:01 +0800] "GET /res/hplus/js/plugins/layer/laydate/need/laydate.css HTTP/1.1" 200 6033 
0:0:0:0:0:0:0:1 -  -  [06/三月/2018:09:37:01 +0800] "GET /res/hplus/js/plugins/layer/laydate/skins/default/laydate.css HTTP/1.1" 200 3481 
0:0:0:0:0:0:0:1 -  -  [06/三月/2018:09:37:01 +0800] "GET /img/logo.jpg HTTP/1.1" 200 18381 
0:0:0:0:0:0:0:1 -  -  [06/三月/2018:09:37:01 +0800] "GET /res/hplus/js/plugins/layer/extend/layer.ext.js HTTP/1.1" 200 4757 
0:0:0:0:0:0:0:1 -  -  [06/三月/2018:09:37:01 +0800] "GET /res/hplus/css/patterns/header-profile.png HTTP/1.1" 200 5877 
0:0:0:0:0:0:0:1 -  -  [06/三月/2018:09:37:01 +0800] "GET /res/hplus/css/patterns/header-profile-skin-1.png HTTP/1.1" 200 26278 
0:0:0:0:0:0:0:1 -  -  [06/三月/2018:09:37:01 +0800] "GET /res/hplus/css/patterns/header-profile-skin-3.png HTTP/1.1" 200 33032 
0:0:0:0:0:0:0:1 -  -  [06/三月/2018:09:37:01 +0800] "GET /admin/index/index_v3?v=4.0 HTTP/1.1" 200 6366 
0:0:0:0:0:0:0:1 -  -  [06/三月/2018:09:37:01 +0800] "GET /res/hplus/fonts/fontawesome-webfont.woff2?v=4.4.0 HTTP/1.1" 200 64464 
0:0:0:0:0:0:0:1 -  -  [06/三月/2018:09:37:02 +0800] "GET /res/hplus/js/plugins/layer/skin/layer.ext.css HTTP/1.1" 200 2926 
0:0:0:0:0:0:0:1 -  -  [06/三月/2018:09:37:02 +0800] "GET /res/hplus/js/plugins/flot/jquery.flot.spline.js HTTP/1.1" 200 6252 
0:0:0:0:0:0:0:1 -  -  [06/三月/2018:09:37:02 +0800] "GET /res/hplus/js/plugins/flot/jquery.flot.symbol.js HTTP/1.1" 200 2497 
0:0:0:0:0:0:0:1 -  -  [06/三月/2018:09:37:02 +0800] "GET /res/hplus/js/plugins/flot/jquery.flot.js HTTP/1.1" 200 106812 
0:0:0:0:0:0:0:1 -  -  [06/三月/2018:09:37:02 +0800] "GET /res/hplus/js/plugins/flot/jquery.flot.resize.js HTTP/1.1" 200 2503 
0:0:0:0:0:0:0:1 -  -  [06/三月/2018:09:37:02 +0800] "GET /res/hplus/js/plugins/flot/jquery.flot.tooltip.min.js HTTP/1.1" 200 3930 
0:0:0:0:0:0:0:1 -  -  [06/三月/2018:09:37:02 +0800] "GET /res/hplus/js/plugins/flot/jquery.flot.pie.js HTTP/1.1" 200 21839 
0:0:0:0:0:0:0:1 -  -  [06/三月/2018:09:37:02 +0800] "GET /res/hplus/js/plugins/peity/jquery.peity.min.js HTTP/1.1" 200 3396 
0:0:0:0:0:0:0:1 -  -  [06/三月/2018:09:37:02 +0800] "GET /res/hplus/js/plugins/layer/skin/moon/style.css HTTP/1.1" 200 3684 
0:0:0:0:0:0:0:1 -  -  [06/三月/2018:09:37:02 +0800] "GET /res/hplus/js/demo/peity-demo.min.js HTTP/1.1" 200 483 
0:0:0:0:0:0:0:1 -  -  [06/三月/2018:09:37:02 +0800] "GET /res/hplus/js/plugins/easypiechart/jquery.easypiechart.js HTTP/1.1" 200 11853 
0:0:0:0:0:0:0:1 -  -  [06/三月/2018:09:37:02 +0800] "GET /res/hplus/js/plugins/jvectormap/jquery-jvectormap-1.2.2.min.js HTTP/1.1" 200 33323 
0:0:0:0:0:0:0:1 -  -  [06/三月/2018:09:37:02 +0800] "GET /res/hplus/js/demo/sparkline-demo.min.js HTTP/1.1" 200 1196 
0:0:0:0:0:0:0:1 -  -  [06/三月/2018:09:37:02 +0800] "GET /res/hplus/js/plugins/jvectormap/jquery-jvectormap-world-mill-en.js HTTP/1.1" 200 144313 
0:0:0:0:0:0:0:1 -  -  [06/三月/2018:09:37:02 +0800] "GET /res/hplus/js/plugins/jquery-ui/jquery-ui.min.js HTTP/1.1" 200 228478 
0:0:0:0:0:0:0:1 -  -  [06/三月/2018:09:37:02 +0800] "GET /res/hplus/js/plugins/sparkline/jquery.sparkline.min.js HTTP/1.1" 200 43251 
0:0:0:0:0:0:0:1 -  -  [06/三月/2018:09:37:02 +0800] "GET /admin/favicon.ico HTTP/1.1" 404 593 
0:0:0:0:0:0:0:1 -  -  [06/三月/2018:09:37:19 +0800] "GET /res/hplus/js/plugins/layer/skin/default/loading-0.gif HTTP/1.1" 200 5793 
0:0:0:0:0:0:0:1 -  -  [06/三月/2018:09:37:19 +0800] "GET /admin/dish/list HTTP/1.1" 200 25859 
0:0:0:0:0:0:0:1 -  -  [06/三月/2018:09:37:21 +0800] "GET /admin/category/queryList HTTP/1.1" 200 453 
0:0:0:0:0:0:0:1 -  -  [06/三月/2018:09:37:36 +0800] "GET /res/hplus/js/plugins/layer/skin/default/icon.png HTTP/1.1" 200 11592 
0:0:0:0:0:0:0:1 -  -  [06/三月/2018:09:37:39 +0800] "GET /admin/dish/detail?id=25 HTTP/1.1" 200 10714 
0:0:0:0:0:0:0:1 -  -  [06/三月/2018:09:37:39 +0800] "GET /admin/category/queryList HTTP/1.1" 200 453 
0:0:0:0:0:0:0:1 -  -  [06/三月/2018:09:37:54 +0800] "POST /j_spring_security_check HTTP/1.1" 302 0 
0:0:0:0:0:0:0:1 -  -  [06/三月/2018:09:37:54 +0800] "GET /admin/login?error=1 HTTP/1.1" 200 2075 
0:0:0:0:0:0:0:1 -  -  [06/三月/2018:09:38:00 +0800] "POST /j_spring_security_check HTTP/1.1" 302 0 
0:0:0:0:0:0:0:1 -  -  [06/三月/2018:09:38:00 +0800] "GET /admin/index HTTP/1.1" 200 44632 
0:0:0:0:0:0:0:1 -  -  [06/三月/2018:09:38:04 +0800] "GET /admin/index/index_v3?v=4.0 HTTP/1.1" 200 6366 
0:0:0:0:0:0:0:1 -  -  [06/三月/2018:09:38:13 +0800] "GET /admin/dish/list HTTP/1.1" 200 25859 
0:0:0:0:0:0:0:1 -  -  [06/三月/2018:09:38:13 +0800] "GET /admin/category/queryList HTTP/1.1" 200 453 
0:0:0:0:0:0:0:1 -  -  [06/三月/2018:09:38:38 +0800] "POST /admin/dish/list HTTP/1.1" 200 19647 
0:0:0:0:0:0:0:1 -  -  [06/三月/2018:09:38:38 +0800] "GET /admin/category/queryList HTTP/1.1" 200 453 
0:0:0:0:0:0:0:1 -  -  [06/三月/2018:09:39:45 +0800] "GET /admin/dish/detail HTTP/1.1" 200 10342 
0:0:0:0:0:0:0:1 -  -  [06/三月/2018:09:39:45 +0800] "GET /admin/category/queryList HTTP/1.1" 200 453 
0:0:0:0:0:0:0:1 -  -  [06/三月/2018:09:40:12 +0800] "POST /image/upload7 HTTP/1.1" 200 0 
0:0:0:0:0:0:0:1 -  -  [06/三月/2018:09:40:45 +0800] "POST /image/upload7 HTTP/1.1" 200 0 
0:0:0:0:0:0:0:1 -  -  [06/三月/2018:09:42:08 +0800] "GET /admin/dish/detail HTTP/1.1" 200 10342 
0:0:0:0:0:0:0:1 -  -  [06/三月/2018:09:42:08 +0800] "GET /admin/category/queryList HTTP/1.1" 200 453 
0:0:0:0:0:0:0:1 -  -  [06/三月/2018:09:42:40 +0800] "POST /image/upload7 HTTP/1.1" 200 0 
0:0:0:0:0:0:0:1 -  -  [06/三月/2018:10:07:26 +0800] "GET /admin/dish/detail HTTP/1.1" 200 10342 
0:0:0:0:0:0:0:1 -  -  [06/三月/2018:10:07:26 +0800] "GET /admin/category/queryList HTTP/1.1" 200 453 
